# JRE version: Java(TM) SE Runtime Environment (8.0_60-b27) (build 1.8.0_60-b27)
# Java VM: Java HotSpot(TM) 64-Bit Server VM (25.60-b23 mixed mode windows-amd64 compressed oops)
Heap:
 PSYoungGen      total 347136K, used 51364K [0x0000000780b80000, 0x0000000798900000, 0x00000007c0000000)
  eden space 323072K, 15% used [0x0000000780b80000,0x0000000783da9200,0x0000000794700000)
  from space 24064K, 0% used [0x0000000795e80000,0x0000000795e80000,0x0000000797600000)
  to   space 24064K, 0% used [0x0000000794700000,0x0000000794700000,0x0000000795e80000)
 ParOldGen       total 325632K, used 58866K [0x0000000702200000, 0x0000000716000000, 0x0000000780b80000)
  object space 325632K, 18% used [0x0000000702200000,0x0000000705b7cb78,0x0000000716000000)
 Metaspace       used 45029K, capacity 46608K, committed 46848K, reserved 1091584K
  class space    used 5302K, capacity 5592K, committed 5632K, reserved 1048576K
GC Heap History (10 events):
Event: 244.520 GC heap before
{Heap before GC invocations=16 (full 2):
 PSYoungGen      total 295424K, used 200076K [0x0000000780b80000, 0x0000000797600000, 0x00000007c0000000)
  eden space 280064K, 66% used [0x0000000780b80000,0x000000078c03c4c8,0x0000000791d00000)
  from space 15360K, 97% used [0x0000000794f80000,0x0000000795e26bc0,0x0000000795e80000)
  to   space 24064K, 0% used [0x0000000795e80000,0x0000000795e80000,0x0000000797600000)
 ParOldGen       total 148480K, used 54744K [0x0000000702200000, 0x000000070b300000, 0x0000000780b80000)
  object space 148480K, 36% used [0x0000000702200000,0x0000000705776230,0x000000070b300000)
 Metaspace       used 45028K, capacity 46608K, committed 46848K, reserved 1091584K
  class space    used 5302K, capacity 5592K, committed 5632K, reserved 1048576K
Event: 244.602 GC heap after
Heap after GC invocations=16 (full 2):
 PSYoungGen      total 347136K, used 11584K [0x0000000780b80000, 0x0000000798900000, 0x00000007c0000000)
  eden space 323072K, 0% used [0x0000000780b80000,0x0000000780b80000,0x0000000794700000)
  from space 24064K, 48% used [0x0000000795e80000,0x00000007969d0000,0x0000000797600000)
  to   space 24064K, 0% used [0x0000000794700000,0x0000000794700000,0x0000000795e80000)
 ParOldGen       total 273920K, used 199960K [0x0000000702200000, 0x0000000712d80000, 0x0000000780b80000)
  object space 273920K, 72% used [0x0000000702200000,0x000000070e546288,0x0000000712d80000)
 Metaspace       used 45028K, capacity 46608K, committed 46848K, reserved 1091584K
  class space    used 5302K, capacity 5592K, committed 5632K, reserved 1048576K
}
Event: 250.108 GC heap before
{Heap before GC invocations=17 (full 2):
 PSYoungGen      total 347136K, used 304425K [0x0000000780b80000, 0x0000000798900000, 0x00000007c0000000)
  eden space 323072K, 90% used [0x0000000780b80000,0x000000079297a610,0x0000000794700000)
  from space 24064K, 48% used [0x0000000795e80000,0x00000007969d0000,0x0000000797600000)
  to   space 24064K, 0% used [0x0000000794700000,0x0000000794700000,0x0000000795e80000)
 ParOldGen       total 273920K, used 199960K [0x0000000702200000, 0x0000000712d80000, 0x0000000780b80000)
  object space 273920K, 72% used [0x0000000702200000,0x000000070e546288,0x0000000712d80000)
 Metaspace       used 45028K, capacity 46608K, committed 46848K, reserved 1091584K
  class space    used 5302K, capacity 5592K, committed 5632K, reserved 1048576K
Event: 250.113 GC heap after
Heap after GC invocations=17 (full 2):
 PSYoungGen      total 347136K, used 304425K [0x0000000780b80000, 0x0000000798900000, 0x00000007c0000000)
  eden space 323072K, 90% used [0x0000000780b80000,0x000000079297a610,0x0000000794700000)
  from space 24064K, 48% used [0x0000000795e80000,0x00000007969d0000,0x0000000797600000)
  to   space 24064K, 46% used [0x0000000794700000,0x00000007951f0000,0x0000000795e80000)
 ParOldGen       total 273920K, used 199960K [0x0000000702200000, 0x0000000712d80000, 0x0000000780b80000)
  object space 273920K, 72% used [0x0000000702200000,0x000000070e546288,0x0000000712d80000)
 Metaspace       used 45028K, capacity 46608K, committed 46848K, reserved 1091584K
  class space    used 5302K, capacity 5592K, committed 5632K, reserved 1048576K
}
Event: 250.113 GC heap before
{Heap before GC invocations=18 (full 3):
 PSYoungGen      total 347136K, used 304425K [0x0000000780b80000, 0x0000000798900000, 0x00000007c0000000)
  eden space 323072K, 90% used [0x0000000780b80000,0x000000079297a610,0x0000000794700000)
  from space 24064K, 48% used [0x0000000795e80000,0x00000007969d0000,0x0000000797600000)
  to   space 24064K, 46% used [0x0000000794700000,0x00000007951f0000,0x0000000795e80000)
 ParOldGen       total 273920K, used 199960K [0x0000000702200000, 0x0000000712d80000, 0x0000000780b80000)
  object space 273920K, 72% used [0x0000000702200000,0x000000070e546288,0x0000000712d80000)
 Metaspace       used 45028K, capacity 46608K, committed 46848K, reserved 1091584K
  class space    used 5302K, capacity 5592K, committed 5632K, reserved 1048576K
Event: 250.269 GC heap after
Heap after GC invocations=18 (full 3):
 PSYoungGen      total 347136K, used 0K [0x0000000780b80000, 0x0000000798900000, 0x00000007c0000000)
  eden space 323072K, 0% used [0x0000000780b80000,0x0000000780b80000,0x0000000794700000)
  from space 24064K, 0% used [0x0000000795e80000,0x0000000795e80000,0x0000000797600000)
  to   space 24064K, 0% used [0x0000000794700000,0x0000000794700000,0x0000000795e80000)
 ParOldGen       total 273920K, used 194170K [0x0000000702200000, 0x0000000712d80000, 0x0000000780b80000)
  object space 273920K, 70% used [0x0000000702200000,0x000000070df9e9e0,0x0000000712d80000)
 Metaspace       used 45028K, capacity 46608K, committed 46848K, reserved 1091584K
  class space    used 5302K, capacity 5592K, committed 5632K, reserved 1048576K
}
Event: 258.857 GC heap before
{Heap before GC invocations=19 (full 3):
 PSYoungGen      total 347136K, used 323072K [0x0000000780b80000, 0x0000000798900000, 0x00000007c0000000)
  eden space 323072K, 100% used [0x0000000780b80000,0x0000000794700000,0x0000000794700000)
  from space 24064K, 0% used [0x0000000795e80000,0x0000000795e80000,0x0000000797600000)
  to   space 24064K, 0% used [0x0000000794700000,0x0000000794700000,0x0000000795e80000)
 ParOldGen       total 273920K, used 194170K [0x0000000702200000, 0x0000000712d80000, 0x0000000780b80000)
  object space 273920K, 70% used [0x0000000702200000,0x000000070df9e9e0,0x0000000712d80000)
 Metaspace       used 45028K, capacity 46608K, committed 46848K, reserved 1091584K
  class space    used 5302K, capacity 5592K, committed 5632K, reserved 1048576K
Event: 258.863 GC heap after
Heap after GC invocations=19 (full 3):
 PSYoungGen      total 347136K, used 323072K [0x0000000780b80000, 0x0000000798900000, 0x00000007c0000000)
  eden space 323072K, 100% used [0x0000000780b80000,0x0000000794700000,0x0000000794700000)
  from space 24064K, 0% used [0x0000000795e80000,0x0000000795e80000,0x0000000797600000)
  to   space 24064K, 8% used [0x0000000794700000,0x000000079491b528,0x0000000795e80000)
 ParOldGen       total 273920K, used 194170K [0x0000000702200000, 0x0000000712d80000, 0x0000000780b80000)
  object space 273920K, 70% used [0x0000000702200000,0x000000070df9e9e0,0x0000000712d80000)
 Metaspace       used 45028K, capacity 46608K, committed 46848K, reserved 1091584K
  class space    used 5302K, capacity 5592K, committed 5632K, reserved 1048576K
}
Event: 258.863 GC heap before
{Heap before GC invocations=20 (full 4):
 PSYoungGen      total 347136K, used 323072K [0x0000000780b80000, 0x0000000798900000, 0x00000007c0000000)
  eden space 323072K, 100% used [0x0000000780b80000,0x0000000794700000,0x0000000794700000)
  from space 24064K, 0% used [0x0000000795e80000,0x0000000795e80000,0x0000000797600000)
  to   space 24064K, 8% used [0x0000000794700000,0x000000079491b528,0x0000000795e80000)
 ParOldGen       total 273920K, used 194170K [0x0000000702200000, 0x0000000712d80000, 0x0000000780b80000)
  object space 273920K, 70% used [0x0000000702200000,0x000000070df9e9e0,0x0000000712d80000)
 Metaspace       used 45028K, capacity 46608K, committed 46848K, reserved 1091584K
  class space    used 5302K, capacity 5592K, committed 5632K, reserved 1048576K
Event: 258.914 GC heap after
Heap after GC invocations=20 (full 4):
 PSYoungGen      total 347136K, used 0K [0x0000000780b80000, 0x0000000798900000, 0x00000007c0000000)
  eden space 323072K, 0% used [0x0000000780b80000,0x0000000780b80000,0x0000000794700000)
  from space 24064K, 0% used [0x0000000795e80000,0x0000000795e80000,0x0000000797600000)
  to   space 24064K, 0% used [0x0000000794700000,0x0000000794700000,0x0000000795e80000)
 ParOldGen       total 325632K, used 58866K [0x0000000702200000, 0x0000000716000000, 0x0000000780b80000)
  object space 325632K, 18% used [0x0000000702200000,0x0000000705b7cb78,0x0000000716000000)
 Metaspace       used 45028K, capacity 46608K, committed 46848K, reserved 1091584K
  class space    used 5302K, capacity 5592K, committed 5632K, reserved 1048576K
}

