<?xml version="1.0" encoding="UTF-8"?>
<testsuite xmlns:xsi="http://www.w3.org/2001/XMLSchema-instance" xsi:noNamespaceSchemaLocation="https://maven.apache.org/surefire/maven-surefire-plugin/xsd/surefire-test-report.xsd" name="TestApi" time="3.831" tests="2" errors="2" skipped="0" failures="0">
  <properties>
[...]
</properties>
  <testcase name="testApiGetProjectURLList" classname="TestApi" time="1.187">
    <error message="syntax error, pos 1, json : &lt;!DOCTYPE html&gt;&#10;&lt;html class=&quot;devise-layout-html&quot;&gt;&#10;&lt;head prefix=&quot;og: http://ogp.me/ns#&quot;&gt;&#10;&lt;meta charset=&quot;utf-8&quot;&gt;&#10;&lt;meta content=&quot;IE=edge&quot; http-equiv=&quot;X-UA-Compatible&quot;&gt;&#10;&lt;meta content=&quot;object&quot; property=&quot;og:type&quot;&gt;&#10;&lt;meta content=&quot;GitLab&quot; property=&quot;og:site_name&quot;&gt;&#10;&lt;meta content=&quot;Sign in&quot; property=&quot;og:title&quot;&gt;&#10;&lt;meta content=&quot;GitLab Community Edition&quot; property=&quot;og:description&quot;&gt;&#10;&lt;meta content=&quot;http://gitlab.chimu18.com.cn/assets/gitlab_logo-7ae504fe4f68fdebb3c2034e36621930cd36ea87924c11ff65dbcb8ed50dca58.png&quot; property=&quot;og:image&quot;&gt;&#10;&lt;meta content=&quot;64&quot; property=&quot;og:image:width&quot;&gt;&#10;&lt;meta content=&quot;64&quot; property=&quot;og:image:height&quot;&gt;&#10;&lt;meta content=&quot;http://gitlab.chimu18.com.cn/users/sign_in&quot; property=&quot;og:url&quot;&gt;&#10;&lt;meta content=&quot;summary&quot; property=&quot;twitter:card&quot;&gt;&#10;&lt;meta content=&quot;Sign in&quot; property=&quot;twitter:title&quot;&gt;&#10;&lt;meta content=&quot;GitLab Community Edition&quot; property=&quot;twitter:description&quot;&gt;&#10;&lt;meta content=&quot;http://gitlab.chimu18.com.cn/assets/gitlab_logo-7ae504fe4f68fdebb3c2034e36621930cd36ea87924c11ff65dbcb8ed50dca58.png&quot; property=&quot;twitter:image&quot;&gt;&#10;&#10;&lt;title&gt;Sign in · GitLab&lt;/title&gt;&#10;&lt;meta content=&quot;GitLab Community Edition&quot; name=&quot;description&quot;&gt;&#10;&lt;link rel=&quot;shortcut icon&quot; type=&quot;image/png&quot; href=&quot;/assets/favicon-7901bd695fb93edb07975966062049829afb56cf11511236e61bcf425070e36e.png&quot; id=&quot;favicon&quot; data-original-href=&quot;/assets/favicon-7901bd695fb93edb07975966062049829afb56cf11511236e61bcf425070e36e.png&quot; /&gt;&#10;&lt;link rel=&quot;stylesheet&quot; media=&quot;all&quot; href=&quot;/assets/application-3cbf1ae156fa85f16d4ca01321e0965db8cfb9239404aaf52c3cebfc5b4493fb.css&quot; /&gt;&#10;&lt;link rel=&quot;stylesheet&quot; media=&quot;print&quot; href=&quot;/assets/print-c8ff536271f8974b8a9a5f75c0ca25d2b8c1dceb4cff3c01d1603862a0bdcbfc.css&quot; /&gt;&#10;&#10;&#10;&#10;&lt;link rel=&quot;stylesheet&quot; media=&quot;all&quot; href=&quot;/assets/highlight/themes/white-a165d47ce52cf24c29686366976ae691bd9addb9641a6abeb3ba6d1823b89aa8.css&quot; /&gt;&#10;&lt;script&gt;&#10;//&lt;![CDATA[&#10;window.gon={};gon.api_version=&quot;v4&quot;;gon.default_avatar_url=&quot;http://gitlab.chimu18.com.cn/assets/no_avatar-849f9c04a3a0d0cea2424ae97b27447dc64a7dbfae83c036c45b403392f0e8ba.png&quot;;gon.max_file_size=500;gon.asset_host=null;gon.webpack_public_path=&quot;/assets/webpack/&quot;;gon.relative_url_root=&quot;&quot;;gon.shortcuts_path=&quot;/help/shortcuts&quot;;gon.user_color_scheme=&quot;white&quot;;gon.gitlab_url=&quot;http://gitlab.chimu18.com.cn&quot;;gon.revision=&quot;86f0b5d&quot;;gon.gitlab_logo=&quot;/assets/gitlab_logo-7ae504fe4f68fdebb3c2034e36621930cd36ea87924c11ff65dbcb8ed50dca58.png&quot;;gon.sprite_icons=&quot;/assets/icons-24aaa921aa9e411162e6913688816c79861d0de4bee876cf6fc4c794be34ee91.svg&quot;;gon.sprite_file_icons=&quot;/assets/file_icons-7262fc6897e02f1ceaf8de43dc33afa5e4f9a2067f4f68ef77dcc87946575e9e.svg&quot;;gon.emoji_sprites_css_path=&quot;/assets/emoji_sprites-289eccffb1183c188b630297431be837765d9ff4aed6130cf738586fb307c170.css&quot;;gon.test_env=false;gon.suggested_label_colors=[&quot;#0033CC&quot;,&quot;#428BCA&quot;,&quot;#44AD8E&quot;,&quot;#A8D695&quot;,&quot;#5CB85C&quot;,&quot;#69D100&quot;,&quot;#004E00&quot;,&quot;#34495E&quot;,&quot;#7F8C8D&quot;,&quot;#A295D6&quot;,&quot;#5843AD&quot;,&quot;#8E44AD&quot;,&quot;#FFECDB&quot;,&quot;#AD4363&quot;,&quot;#D10069&quot;,&quot;#CC0033&quot;,&quot;#FF0000&quot;,&quot;#D9534F&quot;,&quot;#D1D100&quot;,&quot;#F0AD4E&quot;,&quot;#AD8D43&quot;];gon.first_day_of_week=0;gon.ee=false;&#10;//]]&gt;&#10;&lt;/script&gt;&#10;&#10;&#10;&lt;script src=&quot;/assets/webpack/runtime.f4be8219.bundle.js&quot; defer=&quot;defer&quot;&gt;&lt;/script&gt;&#10;&lt;script src=&quot;/assets/webpack/main.70309c7d.chunk.js&quot; defer=&quot;defer&quot;&gt;&lt;/script&gt;&#10;&lt;script src=&quot;/assets/webpack/commons~pages.ldap.omniauth_callbacks~pages.omniauth_callbacks~pages.sessions~pages.sessions.new.3ad531f1.chunk.js&quot; defer=&quot;defer&quot;&gt;&lt;/script&gt;&#10;&lt;script src=&quot;/assets/webpack/pages.sessions.new.38c70182.chunk.js&quot; defer=&quot;defer&quot;&gt;&lt;/script&gt;&#10;&#10;&lt;meta name=&quot;csrf-param&quot; content=&quot;authenticity_token&quot; /&gt;&#10;&lt;meta name=&quot;csrf-token&quot; content=&quot;4e56psOv+aAFR+oXyjYk06PDBfg0+HFPXZTc4syTTkWuLeHfyw6sqz0fACJ2Qz01qxashj+JJj0nd+YcDjWY1Q==&quot; /&gt;&#10;&lt;meta content=&quot;origin-when-cross-origin&quot; name=&quot;referrer&quot;&gt;&#10;&lt;meta content=&quot;width=device-width, initial-scale=1, maximum-scale=1&quot; name=&quot;viewport&quot;&gt;&#10;&lt;meta content=&quot;#474D57&quot; name=&quot;theme-color&quot;&gt;&#10;&lt;link rel=&quot;apple-touch-icon&quot; type=&quot;image/x-icon&quot; href=&quot;/assets/touch-icon-iphone-5a9cee0e8a51212e70b90c87c12f382c428870c0ff67d1eb034d884b78d2dae7.png&quot; /&gt;&#10;&lt;link rel=&quot;apple-touch-icon&quot; type=&quot;image/x-icon&quot; href=&quot;/assets/touch-icon-ipad-a6eec6aeb9da138e507593b464fdac213047e49d3093fc30e90d9a995df83ba3.png&quot; sizes=&quot;76x76&quot; /&gt;&#10;&lt;link rel=&quot;apple-touch-icon&quot; type=&quot;image/x-icon&quot; href=&quot;/assets/touch-icon-iphone-retina-72e2aadf86513a56e050e7f0f2355deaa19cc17ed97bbe5147847f2748e5a3e3.png&quot; sizes=&quot;120x120&quot; /&gt;&#10;&lt;link rel=&quot;apple-touch-icon&quot; type=&quot;image/x-icon&quot; href=&quot;/assets/touch-icon-ipad-retina-8ebe416f5313483d9c1bc772b5bbe03ecad52a54eba443e5215a22caed2a16a2.png&quot; sizes=&quot;152x152&quot; /&gt;&#10;&lt;link color=&quot;rgb(226, 67, 41)&quot; href=&quot;/assets/logo-d36b5212042cebc89b96df4bf6ac24e43db316143e89926c0db839ff694d2de4.svg&quot; rel=&quot;mask-icon&quot;&gt;&#10;&lt;meta content=&quot;/assets/msapplication-tile-1196ec67452f618d39cdd85e2e3a542f76574c071051ae7effbfde01710eb17d.png&quot; name=&quot;msapplication-TileImage&quot;&gt;&#10;&lt;meta content=&quot;#30353E&quot; name=&quot;msapplication-TileColor&quot;&gt;&#10;&#10;&#10;&#10;&lt;/head&gt;&#10;&#10;&lt;body class=&quot;ui-indigo login-page application navless qa-login-page&quot; data-page=&quot;sessions:new&quot;&gt;&#10;&#10;&lt;div class=&quot;page-wrap&quot;&gt;&#10;&lt;header class=&quot;navbar fixed-top navbar-empty&quot;&gt;&#10;&lt;svg width=&quot;24&quot; height=&quot;24&quot; class=&quot;tanuki-logo&quot; viewBox=&quot;0 0 36 36&quot;&gt;&#10;  &lt;path class=&quot;tanuki-shape tanuki-left-ear&quot; fill=&quot;#e24329&quot; d=&quot;M2 14l9.38 9v-9l-4-12.28c-.205-.632-1.176-.632-1.38 0z&quot;/&gt;&#10;  &lt;path class=&quot;tanuki-shape tanuki-right-ear&quot; fill=&quot;#e24329&quot; d=&quot;M34 14l-9.38 9v-9l4-12.28c.205-.632 1.176-.632 1.38 0z&quot;/&gt;&#10;  &lt;path class=&quot;tanuki-shape tanuki-nose&quot; fill=&quot;#e24329&quot; d=&quot;M18,34.38 3,14 33,14 Z&quot;/&gt;&#10;  &lt;path class=&quot;tanuki-shape tanuki-left-eye&quot; fill=&quot;#fc6d26&quot; d=&quot;M18,34.38 11.38,14 2,14 6,25Z&quot;/&gt;&#10;  &lt;path class=&quot;tanuki-shape tanuki-right-eye&quot; fill=&quot;#fc6d26&quot; d=&quot;M18,34.38 24.62,14 34,14 30,25Z&quot;/&gt;&#10;  &lt;path class=&quot;tanuki-shape tanuki-left-cheek&quot; fill=&quot;#fca326&quot; d=&quot;M2 14L.1 20.16c-.18.565 0 1.2.5 1.56l17.42 12.66z&quot;/&gt;&#10;  &lt;path class=&quot;tanuki-shape tanuki-right-cheek&quot; fill=&quot;#fca326&quot; d=&quot;M34 14l1.9 6.16c.18.565 0 1.2-.5 1.56L18 34.38z&quot;/&gt;&#10;&lt;/svg&gt;&#10;&#10;&lt;/header&gt;&#10;&#10;&lt;div class=&quot;login-page-broadcast&quot;&gt;&#10;&#10;&lt;/div&gt;&#10;&lt;div class=&quot;container navless-container&quot;&gt;&#10;&lt;div class=&quot;content&quot;&gt;&#10;&lt;div class=&quot;flash-container flash-container-page&quot;&gt;&#10;&lt;div class=&quot;flash-alert&quot;&gt;&#10;&lt;div class=&quot;container-fluid container-limited  &quot;&gt;&#10;&lt;span&gt;You need to sign in or sign up before continuing.&lt;/span&gt;&#10;&lt;/div&gt;&#10;&lt;/div&gt;&#10;&lt;/div&gt;&#10;&#10;&lt;div class=&quot;row append-bottom-15&quot;&gt;&#10;&lt;div class=&quot;col-sm-7 brand-holder&quot;&gt;&#10;&lt;h1&gt;&#10;GitLab Community Edition&#10;&lt;/h1&gt;&#10;&#10;&lt;h3&gt;&#10;Open source software to collaborate on code&#10;&lt;/h3&gt;&#10;&lt;p&gt;&#10;Manage Git repositories with fine-grained access controls that keep your code secure. Perform code reviews and enhance collaboration with merge requests. Each project can also have an issue tracker and a wiki.&#10;&lt;/p&gt;&#10;&lt;/div&gt;&#10;&lt;div class=&quot;col-sm-5 new-session-forms-container&quot;&gt;&#10;&lt;div id=&quot;signin-container&quot;&gt;&#10;&lt;ul class=&quot;nav-links new-session-tabs nav-tabs nav&quot; role=&quot;tablist&quot;&gt;&#10;&lt;li class=&quot;nav-item&quot; role=&quot;presentation&quot;&gt;&#10;&lt;a class=&quot;nav-link qa-sign-in-tab active&quot; data-toggle=&quot;tab&quot; href=&quot;#login-pane&quot; role=&quot;tab&quot;&gt;Sign in&lt;/a&gt;&#10;&lt;/li&gt;&#10;&lt;/ul&gt;&#10;&#10;&lt;div class=&quot;tab-content&quot;&gt;&#10;&lt;div class=&quot;login-box tab-pane active&quot; id=&quot;login-pane&quot; role=&quot;tabpanel&quot;&gt;&#10;&lt;div class=&quot;login-body&quot;&gt;&#10;&lt;form class=&quot;new_user gl-show-field-errors&quot; aria-live=&quot;assertive&quot; id=&quot;new_user&quot; action=&quot;/users/sign_in&quot; accept-charset=&quot;UTF-8&quot; method=&quot;post&quot;&gt;&lt;input name=&quot;utf8&quot; type=&quot;hidden&quot; value=&quot;&amp;#x2713;&quot; /&gt;&lt;input type=&quot;hidden&quot; name=&quot;authenticity_token&quot; value=&quot;s4XFWIcm57SiBCWAkbTKOM7RY9RaZbVuKyiQBAkDh3b8Rl4hj4eyv5pcz7UtwdPexgTKqlEU4hxRy6r6y6VR5g==&quot; /&gt;&lt;div class=&quot;form-group&quot;&gt;&#10;&lt;label for=&quot;user_login&quot; class=&quot;label-bold&quot;&gt;Username or email&lt;/label&gt;&#10;&lt;input class=&quot;form-control top qa-login-field&quot; autofocus=&quot;autofocus&quot; autocapitalize=&quot;off&quot; autocorrect=&quot;off&quot; required=&quot;required&quot; title=&quot;This field is required.&quot; type=&quot;text&quot; name=&quot;user[login]&quot; id=&quot;user_login&quot; /&gt;&#10;&lt;/div&gt;&#10;&lt;div class=&quot;form-group&quot;&gt;&#10;&lt;label class=&quot;label-bold&quot; for=&quot;user_password&quot;&gt;Password&lt;/label&gt;&#10;&lt;input class=&quot;form-control bottom qa-password-field&quot; required=&quot;required&quot; title=&quot;This field is required.&quot; type=&quot;password&quot; name=&quot;user[password]&quot; id=&quot;user_password&quot; /&gt;&#10;&lt;/div&gt;&#10;&lt;div class=&quot;remember-me&quot;&gt;&#10;&lt;label for=&quot;user_remember_me&quot;&gt;&#10;&lt;input name=&quot;user[remember_me]&quot; type=&quot;hidden&quot; value=&quot;0&quot; /&gt;&lt;input class=&quot;remember-me-checkbox&quot; type=&quot;checkbox&quot; value=&quot;1&quot; name=&quot;user[remember_me]&quot; id=&quot;user_remember_me&quot; /&gt;&#10;&lt;span&gt;Remember me&lt;/span&gt;&#10;&lt;/label&gt;&#10;&lt;div class=&quot;float-right forgot-password&quot;&gt;&#10;&lt;a href=&quot;/users/password/new&quot;&gt;Forgot your password?&lt;/a&gt;&#10;&lt;/div&gt;&#10;&lt;/div&gt;&#10;&lt;div&gt;&lt;/div&gt;&#10;&lt;div class=&quot;submit-container move-submit-down&quot;&gt;&#10;&lt;input type=&quot;submit&quot; name=&quot;commit&quot; value=&quot;Sign in&quot; class=&quot;btn btn-success qa-sign-in-button&quot; data-disable-with=&quot;Sign in&quot; /&gt;&#10;&lt;/div&gt;&#10;&lt;/form&gt;&#10;&lt;/div&gt;&#10;&lt;/div&gt;&#10;&#10;&lt;/div&gt;&#10;&lt;/div&gt;&#10;&#10;&lt;/div&gt;&#10;&lt;/div&gt;&#10;&lt;/div&gt;&#10;&lt;/div&gt;&#10;&lt;hr class=&quot;footer-fixed&quot;&gt;&#10;&lt;div class=&quot;container footer-container&quot;&gt;&#10;&lt;div class=&quot;footer-links&quot;&gt;&#10;&lt;a href=&quot;/explore&quot;&gt;Explore&lt;/a&gt;&#10;&lt;a href=&quot;/help&quot;&gt;Help&lt;/a&gt;&#10;&lt;a href=&quot;https://about.gitlab.com/&quot;&gt;About GitLab&lt;/a&gt;&#10;&lt;/div&gt;&#10;&lt;/div&gt;&#10;&#10;&lt;/div&gt;&#10;&lt;/body&gt;&#10;&lt;/html&gt;&#10;" type="com.alibaba.fastjson.JSONException">com.alibaba.fastjson.JSONException: syntax error, pos 1, json : &lt;!DOCTYPE html&gt;&lt;html class="devise-layout-html"&gt;&lt;head prefix="og: http://ogp.me/ns#"&gt;&lt;meta charset="utf-8"&gt;&lt;meta content="IE=edge" http-equiv="X-UA-Compatible"&gt;&lt;meta content="object" property="og:type"&gt;&lt;meta content="GitLab" property="og:site_name"&gt;&lt;meta content="Sign in" property="og:title"&gt;&lt;meta content="GitLab Community Edition" property="og:description"&gt;&lt;meta content="http://gitlab.chimu18.com.cn/assets/gitlab_logo-7ae504fe4f68fdebb3c2034e36621930cd36ea87924c11ff65dbcb8ed50dca58.png" property="og:image"&gt;&lt;meta content="64" property="og:image:width"&gt;&lt;meta content="64" property="og:image:height"&gt;&lt;meta content="http://gitlab.chimu18.com.cn/users/sign_in" property="og:url"&gt;&lt;meta content="summary" property="twitter:card"&gt;&lt;meta content="Sign in" property="twitter:title"&gt;&lt;meta content="GitLab Community Edition" property="twitter:description"&gt;&lt;meta content="http://gitlab.chimu18.com.cn/assets/gitlab_logo-7ae504fe4f68fdebb3c2034e36621930cd36ea87924c11ff65dbcb8ed50dca58.png" property="twitter:image"&gt;&lt;title&gt;Sign in · GitLab&lt;/title&gt;&lt;meta content="GitLab Community Edition" name="description"&gt;&lt;link rel="shortcut icon" type="image/png" href="/assets/favicon-7901bd695fb93edb07975966062049829afb56cf11511236e61bcf425070e36e.png" id="favicon" data-original-href="/assets/favicon-7901bd695fb93edb07975966062049829afb56cf11511236e61bcf425070e36e.png" /&gt;&lt;link rel="stylesheet" media="all" href="/assets/application-3cbf1ae156fa85f16d4ca01321e0965db8cfb9239404aaf52c3cebfc5b4493fb.css" /&gt;&lt;link rel="stylesheet" media="print" href="/assets/print-c8ff536271f8974b8a9a5f75c0ca25d2b8c1dceb4cff3c01d1603862a0bdcbfc.css" /&gt;&lt;link rel="stylesheet" media="all" href="/assets/highlight/themes/white-a165d47ce52cf24c29686366976ae691bd9addb9641a6abeb3ba6d1823b89aa8.css" /&gt;&lt;script&gt;//&lt;![CDATA[window.gon={};gon.api_version="v4";gon.default_avatar_url="http://gitlab.chimu18.com.cn/assets/no_avatar-849f9c04a3a0d0cea2424ae97b27447dc64a7dbfae83c036c45b403392f0e8ba.png";gon.max_file_size=500;gon.asset_host=null;gon.webpack_public_path="/assets/webpack/";gon.relative_url_root="";gon.shortcuts_path="/help/shortcuts";gon.user_color_scheme="white";gon.gitlab_url="http://gitlab.chimu18.com.cn";gon.revision="86f0b5d";gon.gitlab_logo="/assets/gitlab_logo-7ae504fe4f68fdebb3c2034e36621930cd36ea87924c11ff65dbcb8ed50dca58.png";gon.sprite_icons="/assets/icons-24aaa921aa9e411162e6913688816c79861d0de4bee876cf6fc4c794be34ee91.svg";gon.sprite_file_icons="/assets/file_icons-7262fc6897e02f1ceaf8de43dc33afa5e4f9a2067f4f68ef77dcc87946575e9e.svg";gon.emoji_sprites_css_path="/assets/emoji_sprites-289eccffb1183c188b630297431be837765d9ff4aed6130cf738586fb307c170.css";gon.test_env=false;gon.suggested_label_colors=["#0033CC","#428BCA","#44AD8E","#A8D695","#5CB85C","#69D100","#004E00","#34495E","#7F8C8D","#A295D6","#5843AD","#8E44AD","#FFECDB","#AD4363","#D10069","#CC0033","#FF0000","#D9534F","#D1D100","#F0AD4E","#AD8D43"];gon.first_day_of_week=0;gon.ee=false;//]]&gt;&lt;/script&gt;&lt;script src="/assets/webpack/runtime.f4be8219.bundle.js" defer="defer"&gt;&lt;/script&gt;&lt;script src="/assets/webpack/main.70309c7d.chunk.js" defer="defer"&gt;&lt;/script&gt;&lt;script src="/assets/webpack/commons~pages.ldap.omniauth_callbacks~pages.omniauth_callbacks~pages.sessions~pages.sessions.new.3ad531f1.chunk.js" defer="defer"&gt;&lt;/script&gt;&lt;script src="/assets/webpack/pages.sessions.new.38c70182.chunk.js" defer="defer"&gt;&lt;/script&gt;&lt;meta name="csrf-param" content="authenticity_token" /&gt;&lt;meta name="csrf-token" content="4e56psOv+aAFR+oXyjYk06PDBfg0+HFPXZTc4syTTkWuLeHfyw6sqz0fACJ2Qz01qxashj+JJj0nd+YcDjWY1Q==" /&gt;&lt;meta content="origin-when-cross-origin" name="referrer"&gt;&lt;meta content="width=device-width, initial-scale=1, maximum-scale=1" name="viewport"&gt;&lt;meta content="#474D57" name="theme-color"&gt;&lt;link rel="apple-touch-icon" type="image/x-icon" href="/assets/touch-icon-iphone-5a9cee0e8a51212e70b90c87c12f382c428870c0ff67d1eb034d884b78d2dae7.png" /&gt;&lt;link rel="apple-touch-icon" type="image/x-icon" href="/assets/touch-icon-ipad-a6eec6aeb9da138e507593b464fdac213047e49d3093fc30e90d9a995df83ba3.png" sizes="76x76" /&gt;&lt;link rel="apple-touch-icon" type="image/x-icon" href="/assets/touch-icon-iphone-retina-72e2aadf86513a56e050e7f0f2355deaa19cc17ed97bbe5147847f2748e5a3e3.png" sizes="120x120" /&gt;&lt;link rel="apple-touch-icon" type="image/x-icon" href="/assets/touch-icon-ipad-retina-8ebe416f5313483d9c1bc772b5bbe03ecad52a54eba443e5215a22caed2a16a2.png" sizes="152x152" /&gt;&lt;link color="rgb(226, 67, 41)" href="/assets/logo-d36b5212042cebc89b96df4bf6ac24e43db316143e89926c0db839ff694d2de4.svg" rel="mask-icon"&gt;&lt;meta content="/assets/msapplication-tile-1196ec67452f618d39cdd85e2e3a542f76574c071051ae7effbfde01710eb17d.png" name="msapplication-TileImage"&gt;&lt;meta content="#30353E" name="msapplication-TileColor"&gt;&lt;/head&gt;&lt;body class="ui-indigo login-page application navless qa-login-page" data-page="sessions:new"&gt;&lt;div class="page-wrap"&gt;&lt;header class="navbar fixed-top navbar-empty"&gt;&lt;svg width="24" height="24" class="tanuki-logo" viewBox="0 0 36 36"&gt;  &lt;path class="tanuki-shape tanuki-left-ear" fill="#e24329" d="M2 14l9.38 9v-9l-4-12.28c-.205-.632-1.176-.632-1.38 0z"/&gt;  &lt;path class="tanuki-shape tanuki-right-ear" fill="#e24329" d="M34 14l-9.38 9v-9l4-12.28c.205-.632 1.176-.632 1.38 0z"/&gt;  &lt;path class="tanuki-shape tanuki-nose" fill="#e24329" d="M18,34.38 3,14 33,14 Z"/&gt;  &lt;path class="tanuki-shape tanuki-left-eye" fill="#fc6d26" d="M18,34.38 11.38,14 2,14 6,25Z"/&gt;  &lt;path class="tanuki-shape tanuki-right-eye" fill="#fc6d26" d="M18,34.38 24.62,14 34,14 30,25Z"/&gt;  &lt;path class="tanuki-shape tanuki-left-cheek" fill="#fca326" d="M2 14L.1 20.16c-.18.565 0 1.2.5 1.56l17.42 12.66z"/&gt;  &lt;path class="tanuki-shape tanuki-right-cheek" fill="#fca326" d="M34 14l1.9 6.16c.18.565 0 1.2-.5 1.56L18 34.38z"/&gt;&lt;/svg&gt;&lt;/header&gt;&lt;div class="login-page-broadcast"&gt;&lt;/div&gt;&lt;div class="container navless-container"&gt;&lt;div class="content"&gt;&lt;div class="flash-container flash-container-page"&gt;&lt;div class="flash-alert"&gt;&lt;div class="container-fluid container-limited  "&gt;&lt;span&gt;You need to sign in or sign up before continuing.&lt;/span&gt;&lt;/div&gt;&lt;/div&gt;&lt;/div&gt;&lt;div class="row append-bottom-15"&gt;&lt;div class="col-sm-7 brand-holder"&gt;&lt;h1&gt;GitLab Community Edition&lt;/h1&gt;&lt;h3&gt;Open source software to collaborate on code&lt;/h3&gt;&lt;p&gt;Manage Git repositories with fine-grained access controls that keep your code secure. Perform code reviews and enhance collaboration with merge requests. Each project can also have an issue tracker and a wiki.&lt;/p&gt;&lt;/div&gt;&lt;div class="col-sm-5 new-session-forms-container"&gt;&lt;div id="signin-container"&gt;&lt;ul class="nav-links new-session-tabs nav-tabs nav" role="tablist"&gt;&lt;li class="nav-item" role="presentation"&gt;&lt;a class="nav-link qa-sign-in-tab active" data-toggle="tab" href="#login-pane" role="tab"&gt;Sign in&lt;/a&gt;&lt;/li&gt;&lt;/ul&gt;&lt;div class="tab-content"&gt;&lt;div class="login-box tab-pane active" id="login-pane" role="tabpanel"&gt;&lt;div class="login-body"&gt;&lt;form class="new_user gl-show-field-errors" aria-live="assertive" id="new_user" action="/users/sign_in" accept-charset="UTF-8" method="post"&gt;&lt;input name="utf8" type="hidden" value="&amp;#x2713;" /&gt;&lt;input type="hidden" name="authenticity_token" value="s4XFWIcm57SiBCWAkbTKOM7RY9RaZbVuKyiQBAkDh3b8Rl4hj4eyv5pcz7UtwdPexgTKqlEU4hxRy6r6y6VR5g==" /&gt;&lt;div class="form-group"&gt;&lt;label for="user_login" class="label-bold"&gt;Username or email&lt;/label&gt;&lt;input class="form-control top qa-login-field" autofocus="autofocus" autocapitalize="off" autocorrect="off" required="required" title="This field is required." type="text" name="user[login]" id="user_login" /&gt;&lt;/div&gt;&lt;div class="form-group"&gt;&lt;label class="label-bold" for="user_password"&gt;Password&lt;/label&gt;&lt;input class="form-control bottom qa-password-field" required="required" title="This field is required." type="password" name="user[password]" id="user_password" /&gt;&lt;/div&gt;&lt;div class="remember-me"&gt;&lt;label for="user_remember_me"&gt;&lt;input name="user[remember_me]" type="hidden" value="0" /&gt;&lt;input class="remember-me-checkbox" type="checkbox" value="1" name="user[remember_me]" id="user_remember_me" /&gt;&lt;span&gt;Remember me&lt;/span&gt;&lt;/label&gt;&lt;div class="float-right forgot-password"&gt;&lt;a href="/users/password/new"&gt;Forgot your password?&lt;/a&gt;&lt;/div&gt;&lt;/div&gt;&lt;div&gt;&lt;/div&gt;&lt;div class="submit-container move-submit-down"&gt;&lt;input type="submit" name="commit" value="Sign in" class="btn btn-success qa-sign-in-button" data-disable-with="Sign in" /&gt;&lt;/div&gt;&lt;/form&gt;&lt;/div&gt;&lt;/div&gt;&lt;/div&gt;&lt;/div&gt;&lt;/div&gt;&lt;/div&gt;&lt;/div&gt;&lt;/div&gt;&lt;hr class="footer-fixed"&gt;&lt;div class="container footer-container"&gt;&lt;div class="footer-links"&gt;&lt;a href="/explore"&gt;Explore&lt;/a&gt;&lt;a href="/help"&gt;Help&lt;/a&gt;&lt;a href="https://about.gitlab.com/"&gt;About GitLab&lt;/a&gt;&lt;/div&gt;&lt;/div&gt;&lt;/div&gt;&lt;/body&gt;&lt;/html&gt;	at TestApi.getAllSubGroupByGroupPath(TestApi.java:199)	at TestApi.testApiGetProjectURLList(TestApi.java:91)</error>
    <system-out><![CDATA[16:20:03.950 [main] DEBUG org.springframework.test.context.junit4.SpringJUnit4ClassRunner - SpringJUnit4ClassRunner constructor called with [class TestApi]
16:20:03.959 [main] DEBUG org.springframework.test.context.BootstrapUtils - Instantiating CacheAwareContextLoaderDelegate from class [org.springframework.test.context.cache.DefaultCacheAwareContextLoaderDelegate]
16:20:03.971 [main] DEBUG org.springframework.test.context.BootstrapUtils - Instantiating BootstrapContext using constructor [public org.springframework.test.context.support.DefaultBootstrapContext(java.lang.Class,org.springframework.test.context.CacheAwareContextLoaderDelegate)]
16:20:03.991 [main] DEBUG org.springframework.test.context.BootstrapUtils - Instantiating TestContextBootstrapper for test class [TestApi] from class [org.springframework.boot.test.context.SpringBootTestContextBootstrapper]
16:20:04.006 [main] INFO org.springframework.boot.test.context.SpringBootTestContextBootstrapper - Neither @ContextConfiguration nor @ContextHierarchy found for test class [TestApi], using SpringBootContextLoader
16:20:04.010 [main] DEBUG org.springframework.test.context.support.AbstractContextLoader - Did not detect default resource location for test class [TestApi]: class path resource [TestApi-context.xml] does not exist
16:20:04.010 [main] DEBUG org.springframework.test.context.support.AbstractContextLoader - Did not detect default resource location for test class [TestApi]: class path resource [TestApiContext.groovy] does not exist
16:20:04.010 [main] INFO org.springframework.test.context.support.AbstractContextLoader - Could not detect default resource locations for test class [TestApi]: no resource found for suffixes {-context.xml, Context.groovy}.
16:20:04.053 [main] DEBUG org.springframework.test.context.support.ActiveProfilesUtils - Could not find an 'annotation declaring class' for annotation type [org.springframework.test.context.ActiveProfiles] and class [TestApi]
16:20:04.175 [main] DEBUG org.springframework.boot.test.context.SpringBootTestContextBootstrapper - @TestExecutionListeners is not present for class [TestApi]: using defaults.
16:20:04.176 [main] INFO org.springframework.boot.test.context.SpringBootTestContextBootstrapper - Loaded default TestExecutionListener class names from location [META-INF/spring.factories]: [org.springframework.boot.test.mock.mockito.MockitoTestExecutionListener, org.springframework.boot.test.mock.mockito.ResetMocksTestExecutionListener, org.springframework.boot.test.autoconfigure.restdocs.RestDocsTestExecutionListener, org.springframework.boot.test.autoconfigure.web.client.MockRestServiceServerResetTestExecutionListener, org.springframework.boot.test.autoconfigure.web.servlet.MockMvcPrintOnlyOnFailureTestExecutionListener, org.springframework.boot.test.autoconfigure.web.servlet.WebDriverTestExecutionListener, org.springframework.test.context.web.ServletTestExecutionListener, org.springframework.test.context.support.DirtiesContextBeforeModesTestExecutionListener, org.springframework.test.context.support.DependencyInjectionTestExecutionListener, org.springframework.test.context.support.DirtiesContextTestExecutionListener, org.springframework.test.context.transaction.TransactionalTestExecutionListener, org.springframework.test.context.jdbc.SqlScriptsTestExecutionListener]
16:20:04.188 [main] DEBUG org.springframework.boot.test.context.SpringBootTestContextBootstrapper - Skipping candidate TestExecutionListener [org.springframework.test.context.transaction.TransactionalTestExecutionListener] due to a missing dependency. Specify custom listener classes or make the default listener classes and their required dependencies available. Offending class: [org/springframework/transaction/interceptor/TransactionAttributeSource]
16:20:04.189 [main] DEBUG org.springframework.boot.test.context.SpringBootTestContextBootstrapper - Skipping candidate TestExecutionListener [org.springframework.test.context.jdbc.SqlScriptsTestExecutionListener] due to a missing dependency. Specify custom listener classes or make the default listener classes and their required dependencies available. Offending class: [org/springframework/transaction/interceptor/TransactionAttribute]
16:20:04.189 [main] INFO org.springframework.boot.test.context.SpringBootTestContextBootstrapper - Using TestExecutionListeners: [org.springframework.test.context.web.ServletTestExecutionListener@c33b74f, org.springframework.test.context.support.DirtiesContextBeforeModesTestExecutionListener@130161f7, org.springframework.boot.test.mock.mockito.MockitoTestExecutionListener@2c767a52, org.springframework.boot.test.autoconfigure.SpringBootDependencyInjectionTestExecutionListener@619713e5, org.springframework.test.context.support.DirtiesContextTestExecutionListener@708f5957, org.springframework.boot.test.mock.mockito.ResetMocksTestExecutionListener@68999068, org.springframework.boot.test.autoconfigure.restdocs.RestDocsTestExecutionListener@7722c3c3, org.springframework.boot.test.autoconfigure.web.client.MockRestServiceServerResetTestExecutionListener@2ef3eef9, org.springframework.boot.test.autoconfigure.web.servlet.MockMvcPrintOnlyOnFailureTestExecutionListener@243c4f91, org.springframework.boot.test.autoconfigure.web.servlet.WebDriverTestExecutionListener@291ae]
16:20:04.192 [main] DEBUG org.springframework.test.annotation.ProfileValueUtils - Retrieved @ProfileValueSourceConfiguration [null] for test class [TestApi]
16:20:04.192 [main] DEBUG org.springframework.test.annotation.ProfileValueUtils - Retrieved ProfileValueSource type [class org.springframework.test.annotation.SystemProfileValueSource] for class [TestApi]
16:20:04.193 [main] DEBUG org.springframework.test.annotation.ProfileValueUtils - Retrieved @ProfileValueSourceConfiguration [null] for test class [TestApi]
16:20:04.193 [main] DEBUG org.springframework.test.annotation.ProfileValueUtils - Retrieved ProfileValueSource type [class org.springframework.test.annotation.SystemProfileValueSource] for class [TestApi]
16:20:04.194 [main] DEBUG org.springframework.test.annotation.ProfileValueUtils - Retrieved @ProfileValueSourceConfiguration [null] for test class [TestApi]
16:20:04.194 [main] DEBUG org.springframework.test.annotation.ProfileValueUtils - Retrieved ProfileValueSource type [class org.springframework.test.annotation.SystemProfileValueSource] for class [TestApi]
16:20:04.197 [main] DEBUG org.springframework.test.context.support.AbstractDirtiesContextTestExecutionListener - Before test class: context [DefaultTestContext@dbf57b3 testClass = TestApi, testInstance = [null], testMethod = [null], testException = [null], mergedContextConfiguration = [WebMergedContextConfiguration@384ad17b testClass = TestApi, locations = '{}', classes = '{class com.lhl.gitlab.ApiApplication, class com.lhl.gitlab.ApiApplication}', contextInitializerClasses = '[]', activeProfiles = '{}', propertySourceLocations = '{}', propertySourceProperties = '{org.springframework.boot.test.context.SpringBootTestContextBootstrapper=true}', contextCustomizers = set[org.springframework.boot.test.context.filter.ExcludeFilterContextCustomizer@43bd930a, org.springframework.boot.test.json.DuplicateJsonObjectContextCustomizerFactory$DuplicateJsonObjectContextCustomizer@553a3d88, org.springframework.boot.test.mock.mockito.MockitoContextCustomizer@0, org.springframework.boot.test.web.client.TestRestTemplateContextCustomizer@42607a4f, org.springframework.boot.test.autoconfigure.properties.PropertyMappingContextCustomizer@0, org.springframework.boot.test.autoconfigure.web.servlet.WebDriverContextCustomizerFactory$Customizer@710726a3], resourceBasePath = 'src/main/webapp', contextLoader = 'org.springframework.boot.test.context.SpringBootContextLoader', parent = [null]], attributes = map['org.springframework.test.context.web.ServletTestExecutionListener.activateListener' -> true]], class annotated with @DirtiesContext [false] with mode [null].
16:20:04.198 [main] DEBUG org.springframework.test.annotation.ProfileValueUtils - Retrieved @ProfileValueSourceConfiguration [null] for test class [TestApi]
16:20:04.198 [main] DEBUG org.springframework.test.annotation.ProfileValueUtils - Retrieved ProfileValueSource type [class org.springframework.test.annotation.SystemProfileValueSource] for class [TestApi]
16:20:04.223 [main] DEBUG org.springframework.test.context.support.TestPropertySourceUtils - Adding inlined properties to environment: {spring.jmx.enabled=false, org.springframework.boot.test.context.SpringBootTestContextBootstrapper=true, server.port=-1}

  .   ____          _            __ _ _
 /\\ / ___'_ __ _ _(_)_ __  __ _ \ \ \ \
( ( )\___ | '_ | '_| | '_ \/ _` | \ \ \ \
 \\/  ___)| |_)| | | | | || (_| |  ) ) ) )
  '  |____| .__|_| |_|_| |_\__, | / / / /
 =========|_|==============|___/=/_/_/_/
 :: Spring Boot ::        (v2.1.5.RELEASE)

2020-06-19 16:20:04.528  INFO 2480 --- [           main] TestApi                                  : Starting TestApi on DESKTOP-37KE39H with PID 2480 (started by Administrator in F:\testApi\testApi-master)
2020-06-19 16:20:04.529  INFO 2480 --- [           main] TestApi                                  : No active profile set, falling back to default profiles: default
2020-06-19 16:20:06.009  INFO 2480 --- [           main] o.s.s.concurrent.ThreadPoolTaskExecutor  : Initializing ExecutorService 'applicationTaskExecutor'
2020-06-19 16:20:06.301  INFO 2480 --- [           main] TestApi                                  : Started TestApi in 2.07 seconds (JVM running for 2.964)
2020-06-19 16:20:07.428  WARN 2480 --- [           main] o.a.h.c.protocol.ResponseProcessCookies  : Invalid cookie header: "Set-Cookie: _gitlab_session=3239e92b41ce1eeaff440cc3c22b6442; path=/; expires=Fri, 19 Jun 2020 10:20:07 -0000; HttpOnly". Invalid 'expires' attribute: Fri, 19 Jun 2020 10:20:07 -0000
]]></system-out>
  </testcase>
  <testcase name="cloneAllProject" classname="TestApi" time="0.112">
    <error message="syntax error, pos 1, json : &lt;!DOCTYPE html&gt;&#10;&lt;html class=&quot;devise-layout-html&quot;&gt;&#10;&lt;head prefix=&quot;og: http://ogp.me/ns#&quot;&gt;&#10;&lt;meta charset=&quot;utf-8&quot;&gt;&#10;&lt;meta content=&quot;IE=edge&quot; http-equiv=&quot;X-UA-Compatible&quot;&gt;&#10;&lt;meta content=&quot;object&quot; property=&quot;og:type&quot;&gt;&#10;&lt;meta content=&quot;GitLab&quot; property=&quot;og:site_name&quot;&gt;&#10;&lt;meta content=&quot;Sign in&quot; property=&quot;og:title&quot;&gt;&#10;&lt;meta content=&quot;GitLab Community Edition&quot; property=&quot;og:description&quot;&gt;&#10;&lt;meta content=&quot;http://gitlab.chimu18.com.cn/assets/gitlab_logo-7ae504fe4f68fdebb3c2034e36621930cd36ea87924c11ff65dbcb8ed50dca58.png&quot; property=&quot;og:image&quot;&gt;&#10;&lt;meta content=&quot;64&quot; property=&quot;og:image:width&quot;&gt;&#10;&lt;meta content=&quot;64&quot; property=&quot;og:image:height&quot;&gt;&#10;&lt;meta content=&quot;http://gitlab.chimu18.com.cn/users/sign_in&quot; property=&quot;og:url&quot;&gt;&#10;&lt;meta content=&quot;summary&quot; property=&quot;twitter:card&quot;&gt;&#10;&lt;meta content=&quot;Sign in&quot; property=&quot;twitter:title&quot;&gt;&#10;&lt;meta content=&quot;GitLab Community Edition&quot; property=&quot;twitter:description&quot;&gt;&#10;&lt;meta content=&quot;http://gitlab.chimu18.com.cn/assets/gitlab_logo-7ae504fe4f68fdebb3c2034e36621930cd36ea87924c11ff65dbcb8ed50dca58.png&quot; property=&quot;twitter:image&quot;&gt;&#10;&#10;&lt;title&gt;Sign in · GitLab&lt;/title&gt;&#10;&lt;meta content=&quot;GitLab Community Edition&quot; name=&quot;description&quot;&gt;&#10;&lt;link rel=&quot;shortcut icon&quot; type=&quot;image/png&quot; href=&quot;/assets/favicon-7901bd695fb93edb07975966062049829afb56cf11511236e61bcf425070e36e.png&quot; id=&quot;favicon&quot; data-original-href=&quot;/assets/favicon-7901bd695fb93edb07975966062049829afb56cf11511236e61bcf425070e36e.png&quot; /&gt;&#10;&lt;link rel=&quot;stylesheet&quot; media=&quot;all&quot; href=&quot;/assets/application-3cbf1ae156fa85f16d4ca01321e0965db8cfb9239404aaf52c3cebfc5b4493fb.css&quot; /&gt;&#10;&lt;link rel=&quot;stylesheet&quot; media=&quot;print&quot; href=&quot;/assets/print-c8ff536271f8974b8a9a5f75c0ca25d2b8c1dceb4cff3c01d1603862a0bdcbfc.css&quot; /&gt;&#10;&#10;&#10;&#10;&lt;link rel=&quot;stylesheet&quot; media=&quot;all&quot; href=&quot;/assets/highlight/themes/white-a165d47ce52cf24c29686366976ae691bd9addb9641a6abeb3ba6d1823b89aa8.css&quot; /&gt;&#10;&lt;script&gt;&#10;//&lt;![CDATA[&#10;window.gon={};gon.api_version=&quot;v4&quot;;gon.default_avatar_url=&quot;http://gitlab.chimu18.com.cn/assets/no_avatar-849f9c04a3a0d0cea2424ae97b27447dc64a7dbfae83c036c45b403392f0e8ba.png&quot;;gon.max_file_size=500;gon.asset_host=null;gon.webpack_public_path=&quot;/assets/webpack/&quot;;gon.relative_url_root=&quot;&quot;;gon.shortcuts_path=&quot;/help/shortcuts&quot;;gon.user_color_scheme=&quot;white&quot;;gon.gitlab_url=&quot;http://gitlab.chimu18.com.cn&quot;;gon.revision=&quot;86f0b5d&quot;;gon.gitlab_logo=&quot;/assets/gitlab_logo-7ae504fe4f68fdebb3c2034e36621930cd36ea87924c11ff65dbcb8ed50dca58.png&quot;;gon.sprite_icons=&quot;/assets/icons-24aaa921aa9e411162e6913688816c79861d0de4bee876cf6fc4c794be34ee91.svg&quot;;gon.sprite_file_icons=&quot;/assets/file_icons-7262fc6897e02f1ceaf8de43dc33afa5e4f9a2067f4f68ef77dcc87946575e9e.svg&quot;;gon.emoji_sprites_css_path=&quot;/assets/emoji_sprites-289eccffb1183c188b630297431be837765d9ff4aed6130cf738586fb307c170.css&quot;;gon.test_env=false;gon.suggested_label_colors=[&quot;#0033CC&quot;,&quot;#428BCA&quot;,&quot;#44AD8E&quot;,&quot;#A8D695&quot;,&quot;#5CB85C&quot;,&quot;#69D100&quot;,&quot;#004E00&quot;,&quot;#34495E&quot;,&quot;#7F8C8D&quot;,&quot;#A295D6&quot;,&quot;#5843AD&quot;,&quot;#8E44AD&quot;,&quot;#FFECDB&quot;,&quot;#AD4363&quot;,&quot;#D10069&quot;,&quot;#CC0033&quot;,&quot;#FF0000&quot;,&quot;#D9534F&quot;,&quot;#D1D100&quot;,&quot;#F0AD4E&quot;,&quot;#AD8D43&quot;];gon.first_day_of_week=0;gon.ee=false;&#10;//]]&gt;&#10;&lt;/script&gt;&#10;&#10;&#10;&lt;script src=&quot;/assets/webpack/runtime.f4be8219.bundle.js&quot; defer=&quot;defer&quot;&gt;&lt;/script&gt;&#10;&lt;script src=&quot;/assets/webpack/main.70309c7d.chunk.js&quot; defer=&quot;defer&quot;&gt;&lt;/script&gt;&#10;&lt;script src=&quot;/assets/webpack/commons~pages.ldap.omniauth_callbacks~pages.omniauth_callbacks~pages.sessions~pages.sessions.new.3ad531f1.chunk.js&quot; defer=&quot;defer&quot;&gt;&lt;/script&gt;&#10;&lt;script src=&quot;/assets/webpack/pages.sessions.new.38c70182.chunk.js&quot; defer=&quot;defer&quot;&gt;&lt;/script&gt;&#10;&#10;&lt;meta name=&quot;csrf-param&quot; content=&quot;authenticity_token&quot; /&gt;&#10;&lt;meta name=&quot;csrf-token&quot; content=&quot;enUi+n3ywsgfKmK9oWIAUNUg5AkQXslRpUaDK54AcNlJHW4/PJBXc1oMAEP4uUX9bWzvsJd8P/y04ZyXQhQcFw==&quot; /&gt;&#10;&lt;meta content=&quot;origin-when-cross-origin&quot; name=&quot;referrer&quot;&gt;&#10;&lt;meta content=&quot;width=device-width, initial-scale=1, maximum-scale=1&quot; name=&quot;viewport&quot;&gt;&#10;&lt;meta content=&quot;#474D57&quot; name=&quot;theme-color&quot;&gt;&#10;&lt;link rel=&quot;apple-touch-icon&quot; type=&quot;image/x-icon&quot; href=&quot;/assets/touch-icon-iphone-5a9cee0e8a51212e70b90c87c12f382c428870c0ff67d1eb034d884b78d2dae7.png&quot; /&gt;&#10;&lt;link rel=&quot;apple-touch-icon&quot; type=&quot;image/x-icon&quot; href=&quot;/assets/touch-icon-ipad-a6eec6aeb9da138e507593b464fdac213047e49d3093fc30e90d9a995df83ba3.png&quot; sizes=&quot;76x76&quot; /&gt;&#10;&lt;link rel=&quot;apple-touch-icon&quot; type=&quot;image/x-icon&quot; href=&quot;/assets/touch-icon-iphone-retina-72e2aadf86513a56e050e7f0f2355deaa19cc17ed97bbe5147847f2748e5a3e3.png&quot; sizes=&quot;120x120&quot; /&gt;&#10;&lt;link rel=&quot;apple-touch-icon&quot; type=&quot;image/x-icon&quot; href=&quot;/assets/touch-icon-ipad-retina-8ebe416f5313483d9c1bc772b5bbe03ecad52a54eba443e5215a22caed2a16a2.png&quot; sizes=&quot;152x152&quot; /&gt;&#10;&lt;link color=&quot;rgb(226, 67, 41)&quot; href=&quot;/assets/logo-d36b5212042cebc89b96df4bf6ac24e43db316143e89926c0db839ff694d2de4.svg&quot; rel=&quot;mask-icon&quot;&gt;&#10;&lt;meta content=&quot;/assets/msapplication-tile-1196ec67452f618d39cdd85e2e3a542f76574c071051ae7effbfde01710eb17d.png&quot; name=&quot;msapplication-TileImage&quot;&gt;&#10;&lt;meta content=&quot;#30353E&quot; name=&quot;msapplication-TileColor&quot;&gt;&#10;&#10;&#10;&#10;&lt;/head&gt;&#10;&#10;&lt;body class=&quot;ui-indigo login-page application navless qa-login-page&quot; data-page=&quot;sessions:new&quot;&gt;&#10;&#10;&lt;div class=&quot;page-wrap&quot;&gt;&#10;&lt;header class=&quot;navbar fixed-top navbar-empty&quot;&gt;&#10;&lt;svg width=&quot;24&quot; height=&quot;24&quot; class=&quot;tanuki-logo&quot; viewBox=&quot;0 0 36 36&quot;&gt;&#10;  &lt;path class=&quot;tanuki-shape tanuki-left-ear&quot; fill=&quot;#e24329&quot; d=&quot;M2 14l9.38 9v-9l-4-12.28c-.205-.632-1.176-.632-1.38 0z&quot;/&gt;&#10;  &lt;path class=&quot;tanuki-shape tanuki-right-ear&quot; fill=&quot;#e24329&quot; d=&quot;M34 14l-9.38 9v-9l4-12.28c.205-.632 1.176-.632 1.38 0z&quot;/&gt;&#10;  &lt;path class=&quot;tanuki-shape tanuki-nose&quot; fill=&quot;#e24329&quot; d=&quot;M18,34.38 3,14 33,14 Z&quot;/&gt;&#10;  &lt;path class=&quot;tanuki-shape tanuki-left-eye&quot; fill=&quot;#fc6d26&quot; d=&quot;M18,34.38 11.38,14 2,14 6,25Z&quot;/&gt;&#10;  &lt;path class=&quot;tanuki-shape tanuki-right-eye&quot; fill=&quot;#fc6d26&quot; d=&quot;M18,34.38 24.62,14 34,14 30,25Z&quot;/&gt;&#10;  &lt;path class=&quot;tanuki-shape tanuki-left-cheek&quot; fill=&quot;#fca326&quot; d=&quot;M2 14L.1 20.16c-.18.565 0 1.2.5 1.56l17.42 12.66z&quot;/&gt;&#10;  &lt;path class=&quot;tanuki-shape tanuki-right-cheek&quot; fill=&quot;#fca326&quot; d=&quot;M34 14l1.9 6.16c.18.565 0 1.2-.5 1.56L18 34.38z&quot;/&gt;&#10;&lt;/svg&gt;&#10;&#10;&lt;/header&gt;&#10;&#10;&lt;div class=&quot;login-page-broadcast&quot;&gt;&#10;&#10;&lt;/div&gt;&#10;&lt;div class=&quot;container navless-container&quot;&gt;&#10;&lt;div class=&quot;content&quot;&gt;&#10;&lt;div class=&quot;flash-container flash-container-page&quot;&gt;&#10;&lt;div class=&quot;flash-alert&quot;&gt;&#10;&lt;div class=&quot;container-fluid container-limited  &quot;&gt;&#10;&lt;span&gt;You need to sign in or sign up before continuing.&lt;/span&gt;&#10;&lt;/div&gt;&#10;&lt;/div&gt;&#10;&lt;/div&gt;&#10;&#10;&lt;div class=&quot;row append-bottom-15&quot;&gt;&#10;&lt;div class=&quot;col-sm-7 brand-holder&quot;&gt;&#10;&lt;h1&gt;&#10;GitLab Community Edition&#10;&lt;/h1&gt;&#10;&#10;&lt;h3&gt;&#10;Open source software to collaborate on code&#10;&lt;/h3&gt;&#10;&lt;p&gt;&#10;Manage Git repositories with fine-grained access controls that keep your code secure. Perform code reviews and enhance collaboration with merge requests. Each project can also have an issue tracker and a wiki.&#10;&lt;/p&gt;&#10;&lt;/div&gt;&#10;&lt;div class=&quot;col-sm-5 new-session-forms-container&quot;&gt;&#10;&lt;div id=&quot;signin-container&quot;&gt;&#10;&lt;ul class=&quot;nav-links new-session-tabs nav-tabs nav&quot; role=&quot;tablist&quot;&gt;&#10;&lt;li class=&quot;nav-item&quot; role=&quot;presentation&quot;&gt;&#10;&lt;a class=&quot;nav-link qa-sign-in-tab active&quot; data-toggle=&quot;tab&quot; href=&quot;#login-pane&quot; role=&quot;tab&quot;&gt;Sign in&lt;/a&gt;&#10;&lt;/li&gt;&#10;&lt;/ul&gt;&#10;&#10;&lt;div class=&quot;tab-content&quot;&gt;&#10;&lt;div class=&quot;login-box tab-pane active&quot; id=&quot;login-pane&quot; role=&quot;tabpanel&quot;&gt;&#10;&lt;div class=&quot;login-body&quot;&gt;&#10;&lt;form class=&quot;new_user gl-show-field-errors&quot; aria-live=&quot;assertive&quot; id=&quot;new_user&quot; action=&quot;/users/sign_in&quot; accept-charset=&quot;UTF-8&quot; method=&quot;post&quot;&gt;&lt;input name=&quot;utf8&quot; type=&quot;hidden&quot; value=&quot;&amp;#x2713;&quot; /&gt;&lt;input type=&quot;hidden&quot; name=&quot;authenticity_token&quot; value=&quot;K/vJdQYtn8861VhEKnFKAhwvDpyMn2NqfibVp8R7y84Yk4WwR08KdH/zOrpzqg+vpGMFJQu9lcdvgcobGG+nAA==&quot; /&gt;&lt;div class=&quot;form-group&quot;&gt;&#10;&lt;label for=&quot;user_login&quot; class=&quot;label-bold&quot;&gt;Username or email&lt;/label&gt;&#10;&lt;input class=&quot;form-control top qa-login-field&quot; autofocus=&quot;autofocus&quot; autocapitalize=&quot;off&quot; autocorrect=&quot;off&quot; required=&quot;required&quot; title=&quot;This field is required.&quot; type=&quot;text&quot; name=&quot;user[login]&quot; id=&quot;user_login&quot; /&gt;&#10;&lt;/div&gt;&#10;&lt;div class=&quot;form-group&quot;&gt;&#10;&lt;label class=&quot;label-bold&quot; for=&quot;user_password&quot;&gt;Password&lt;/label&gt;&#10;&lt;input class=&quot;form-control bottom qa-password-field&quot; required=&quot;required&quot; title=&quot;This field is required.&quot; type=&quot;password&quot; name=&quot;user[password]&quot; id=&quot;user_password&quot; /&gt;&#10;&lt;/div&gt;&#10;&lt;div class=&quot;remember-me&quot;&gt;&#10;&lt;label for=&quot;user_remember_me&quot;&gt;&#10;&lt;input name=&quot;user[remember_me]&quot; type=&quot;hidden&quot; value=&quot;0&quot; /&gt;&lt;input class=&quot;remember-me-checkbox&quot; type=&quot;checkbox&quot; value=&quot;1&quot; name=&quot;user[remember_me]&quot; id=&quot;user_remember_me&quot; /&gt;&#10;&lt;span&gt;Remember me&lt;/span&gt;&#10;&lt;/label&gt;&#10;&lt;div class=&quot;float-right forgot-password&quot;&gt;&#10;&lt;a href=&quot;/users/password/new&quot;&gt;Forgot your password?&lt;/a&gt;&#10;&lt;/div&gt;&#10;&lt;/div&gt;&#10;&lt;div&gt;&lt;/div&gt;&#10;&lt;div class=&quot;submit-container move-submit-down&quot;&gt;&#10;&lt;input type=&quot;submit&quot; name=&quot;commit&quot; value=&quot;Sign in&quot; class=&quot;btn btn-success qa-sign-in-button&quot; data-disable-with=&quot;Sign in&quot; /&gt;&#10;&lt;/div&gt;&#10;&lt;/form&gt;&#10;&lt;/div&gt;&#10;&lt;/div&gt;&#10;&#10;&lt;/div&gt;&#10;&lt;/div&gt;&#10;&#10;&lt;/div&gt;&#10;&lt;/div&gt;&#10;&lt;/div&gt;&#10;&lt;/div&gt;&#10;&lt;hr class=&quot;footer-fixed&quot;&gt;&#10;&lt;div class=&quot;container footer-container&quot;&gt;&#10;&lt;div class=&quot;footer-links&quot;&gt;&#10;&lt;a href=&quot;/explore&quot;&gt;Explore&lt;/a&gt;&#10;&lt;a href=&quot;/help&quot;&gt;Help&lt;/a&gt;&#10;&lt;a href=&quot;https://about.gitlab.com/&quot;&gt;About GitLab&lt;/a&gt;&#10;&lt;/div&gt;&#10;&lt;/div&gt;&#10;&#10;&lt;/div&gt;&#10;&lt;/body&gt;&#10;&lt;/html&gt;&#10;" type="com.alibaba.fastjson.JSONException">com.alibaba.fastjson.JSONException: syntax error, pos 1, json : &lt;!DOCTYPE html&gt;&lt;html class="devise-layout-html"&gt;&lt;head prefix="og: http://ogp.me/ns#"&gt;&lt;meta charset="utf-8"&gt;&lt;meta content="IE=edge" http-equiv="X-UA-Compatible"&gt;&lt;meta content="object" property="og:type"&gt;&lt;meta content="GitLab" property="og:site_name"&gt;&lt;meta content="Sign in" property="og:title"&gt;&lt;meta content="GitLab Community Edition" property="og:description"&gt;&lt;meta content="http://gitlab.chimu18.com.cn/assets/gitlab_logo-7ae504fe4f68fdebb3c2034e36621930cd36ea87924c11ff65dbcb8ed50dca58.png" property="og:image"&gt;&lt;meta content="64" property="og:image:width"&gt;&lt;meta content="64" property="og:image:height"&gt;&lt;meta content="http://gitlab.chimu18.com.cn/users/sign_in" property="og:url"&gt;&lt;meta content="summary" property="twitter:card"&gt;&lt;meta content="Sign in" property="twitter:title"&gt;&lt;meta content="GitLab Community Edition" property="twitter:description"&gt;&lt;meta content="http://gitlab.chimu18.com.cn/assets/gitlab_logo-7ae504fe4f68fdebb3c2034e36621930cd36ea87924c11ff65dbcb8ed50dca58.png" property="twitter:image"&gt;&lt;title&gt;Sign in · GitLab&lt;/title&gt;&lt;meta content="GitLab Community Edition" name="description"&gt;&lt;link rel="shortcut icon" type="image/png" href="/assets/favicon-7901bd695fb93edb07975966062049829afb56cf11511236e61bcf425070e36e.png" id="favicon" data-original-href="/assets/favicon-7901bd695fb93edb07975966062049829afb56cf11511236e61bcf425070e36e.png" /&gt;&lt;link rel="stylesheet" media="all" href="/assets/application-3cbf1ae156fa85f16d4ca01321e0965db8cfb9239404aaf52c3cebfc5b4493fb.css" /&gt;&lt;link rel="stylesheet" media="print" href="/assets/print-c8ff536271f8974b8a9a5f75c0ca25d2b8c1dceb4cff3c01d1603862a0bdcbfc.css" /&gt;&lt;link rel="stylesheet" media="all" href="/assets/highlight/themes/white-a165d47ce52cf24c29686366976ae691bd9addb9641a6abeb3ba6d1823b89aa8.css" /&gt;&lt;script&gt;//&lt;![CDATA[window.gon={};gon.api_version="v4";gon.default_avatar_url="http://gitlab.chimu18.com.cn/assets/no_avatar-849f9c04a3a0d0cea2424ae97b27447dc64a7dbfae83c036c45b403392f0e8ba.png";gon.max_file_size=500;gon.asset_host=null;gon.webpack_public_path="/assets/webpack/";gon.relative_url_root="";gon.shortcuts_path="/help/shortcuts";gon.user_color_scheme="white";gon.gitlab_url="http://gitlab.chimu18.com.cn";gon.revision="86f0b5d";gon.gitlab_logo="/assets/gitlab_logo-7ae504fe4f68fdebb3c2034e36621930cd36ea87924c11ff65dbcb8ed50dca58.png";gon.sprite_icons="/assets/icons-24aaa921aa9e411162e6913688816c79861d0de4bee876cf6fc4c794be34ee91.svg";gon.sprite_file_icons="/assets/file_icons-7262fc6897e02f1ceaf8de43dc33afa5e4f9a2067f4f68ef77dcc87946575e9e.svg";gon.emoji_sprites_css_path="/assets/emoji_sprites-289eccffb1183c188b630297431be837765d9ff4aed6130cf738586fb307c170.css";gon.test_env=false;gon.suggested_label_colors=["#0033CC","#428BCA","#44AD8E","#A8D695","#5CB85C","#69D100","#004E00","#34495E","#7F8C8D","#A295D6","#5843AD","#8E44AD","#FFECDB","#AD4363","#D10069","#CC0033","#FF0000","#D9534F","#D1D100","#F0AD4E","#AD8D43"];gon.first_day_of_week=0;gon.ee=false;//]]&gt;&lt;/script&gt;&lt;script src="/assets/webpack/runtime.f4be8219.bundle.js" defer="defer"&gt;&lt;/script&gt;&lt;script src="/assets/webpack/main.70309c7d.chunk.js" defer="defer"&gt;&lt;/script&gt;&lt;script src="/assets/webpack/commons~pages.ldap.omniauth_callbacks~pages.omniauth_callbacks~pages.sessions~pages.sessions.new.3ad531f1.chunk.js" defer="defer"&gt;&lt;/script&gt;&lt;script src="/assets/webpack/pages.sessions.new.38c70182.chunk.js" defer="defer"&gt;&lt;/script&gt;&lt;meta name="csrf-param" content="authenticity_token" /&gt;&lt;meta name="csrf-token" content="enUi+n3ywsgfKmK9oWIAUNUg5AkQXslRpUaDK54AcNlJHW4/PJBXc1oMAEP4uUX9bWzvsJd8P/y04ZyXQhQcFw==" /&gt;&lt;meta content="origin-when-cross-origin" name="referrer"&gt;&lt;meta content="width=device-width, initial-scale=1, maximum-scale=1" name="viewport"&gt;&lt;meta content="#474D57" name="theme-color"&gt;&lt;link rel="apple-touch-icon" type="image/x-icon" href="/assets/touch-icon-iphone-5a9cee0e8a51212e70b90c87c12f382c428870c0ff67d1eb034d884b78d2dae7.png" /&gt;&lt;link rel="apple-touch-icon" type="image/x-icon" href="/assets/touch-icon-ipad-a6eec6aeb9da138e507593b464fdac213047e49d3093fc30e90d9a995df83ba3.png" sizes="76x76" /&gt;&lt;link rel="apple-touch-icon" type="image/x-icon" href="/assets/touch-icon-iphone-retina-72e2aadf86513a56e050e7f0f2355deaa19cc17ed97bbe5147847f2748e5a3e3.png" sizes="120x120" /&gt;&lt;link rel="apple-touch-icon" type="image/x-icon" href="/assets/touch-icon-ipad-retina-8ebe416f5313483d9c1bc772b5bbe03ecad52a54eba443e5215a22caed2a16a2.png" sizes="152x152" /&gt;&lt;link color="rgb(226, 67, 41)" href="/assets/logo-d36b5212042cebc89b96df4bf6ac24e43db316143e89926c0db839ff694d2de4.svg" rel="mask-icon"&gt;&lt;meta content="/assets/msapplication-tile-1196ec67452f618d39cdd85e2e3a542f76574c071051ae7effbfde01710eb17d.png" name="msapplication-TileImage"&gt;&lt;meta content="#30353E" name="msapplication-TileColor"&gt;&lt;/head&gt;&lt;body class="ui-indigo login-page application navless qa-login-page" data-page="sessions:new"&gt;&lt;div class="page-wrap"&gt;&lt;header class="navbar fixed-top navbar-empty"&gt;&lt;svg width="24" height="24" class="tanuki-logo" viewBox="0 0 36 36"&gt;  &lt;path class="tanuki-shape tanuki-left-ear" fill="#e24329" d="M2 14l9.38 9v-9l-4-12.28c-.205-.632-1.176-.632-1.38 0z"/&gt;  &lt;path class="tanuki-shape tanuki-right-ear" fill="#e24329" d="M34 14l-9.38 9v-9l4-12.28c.205-.632 1.176-.632 1.38 0z"/&gt;  &lt;path class="tanuki-shape tanuki-nose" fill="#e24329" d="M18,34.38 3,14 33,14 Z"/&gt;  &lt;path class="tanuki-shape tanuki-left-eye" fill="#fc6d26" d="M18,34.38 11.38,14 2,14 6,25Z"/&gt;  &lt;path class="tanuki-shape tanuki-right-eye" fill="#fc6d26" d="M18,34.38 24.62,14 34,14 30,25Z"/&gt;  &lt;path class="tanuki-shape tanuki-left-cheek" fill="#fca326" d="M2 14L.1 20.16c-.18.565 0 1.2.5 1.56l17.42 12.66z"/&gt;  &lt;path class="tanuki-shape tanuki-right-cheek" fill="#fca326" d="M34 14l1.9 6.16c.18.565 0 1.2-.5 1.56L18 34.38z"/&gt;&lt;/svg&gt;&lt;/header&gt;&lt;div class="login-page-broadcast"&gt;&lt;/div&gt;&lt;div class="container navless-container"&gt;&lt;div class="content"&gt;&lt;div class="flash-container flash-container-page"&gt;&lt;div class="flash-alert"&gt;&lt;div class="container-fluid container-limited  "&gt;&lt;span&gt;You need to sign in or sign up before continuing.&lt;/span&gt;&lt;/div&gt;&lt;/div&gt;&lt;/div&gt;&lt;div class="row append-bottom-15"&gt;&lt;div class="col-sm-7 brand-holder"&gt;&lt;h1&gt;GitLab Community Edition&lt;/h1&gt;&lt;h3&gt;Open source software to collaborate on code&lt;/h3&gt;&lt;p&gt;Manage Git repositories with fine-grained access controls that keep your code secure. Perform code reviews and enhance collaboration with merge requests. Each project can also have an issue tracker and a wiki.&lt;/p&gt;&lt;/div&gt;&lt;div class="col-sm-5 new-session-forms-container"&gt;&lt;div id="signin-container"&gt;&lt;ul class="nav-links new-session-tabs nav-tabs nav" role="tablist"&gt;&lt;li class="nav-item" role="presentation"&gt;&lt;a class="nav-link qa-sign-in-tab active" data-toggle="tab" href="#login-pane" role="tab"&gt;Sign in&lt;/a&gt;&lt;/li&gt;&lt;/ul&gt;&lt;div class="tab-content"&gt;&lt;div class="login-box tab-pane active" id="login-pane" role="tabpanel"&gt;&lt;div class="login-body"&gt;&lt;form class="new_user gl-show-field-errors" aria-live="assertive" id="new_user" action="/users/sign_in" accept-charset="UTF-8" method="post"&gt;&lt;input name="utf8" type="hidden" value="&amp;#x2713;" /&gt;&lt;input type="hidden" name="authenticity_token" value="K/vJdQYtn8861VhEKnFKAhwvDpyMn2NqfibVp8R7y84Yk4WwR08KdH/zOrpzqg+vpGMFJQu9lcdvgcobGG+nAA==" /&gt;&lt;div class="form-group"&gt;&lt;label for="user_login" class="label-bold"&gt;Username or email&lt;/label&gt;&lt;input class="form-control top qa-login-field" autofocus="autofocus" autocapitalize="off" autocorrect="off" required="required" title="This field is required." type="text" name="user[login]" id="user_login" /&gt;&lt;/div&gt;&lt;div class="form-group"&gt;&lt;label class="label-bold" for="user_password"&gt;Password&lt;/label&gt;&lt;input class="form-control bottom qa-password-field" required="required" title="This field is required." type="password" name="user[password]" id="user_password" /&gt;&lt;/div&gt;&lt;div class="remember-me"&gt;&lt;label for="user_remember_me"&gt;&lt;input name="user[remember_me]" type="hidden" value="0" /&gt;&lt;input class="remember-me-checkbox" type="checkbox" value="1" name="user[remember_me]" id="user_remember_me" /&gt;&lt;span&gt;Remember me&lt;/span&gt;&lt;/label&gt;&lt;div class="float-right forgot-password"&gt;&lt;a href="/users/password/new"&gt;Forgot your password?&lt;/a&gt;&lt;/div&gt;&lt;/div&gt;&lt;div&gt;&lt;/div&gt;&lt;div class="submit-container move-submit-down"&gt;&lt;input type="submit" name="commit" value="Sign in" class="btn btn-success qa-sign-in-button" data-disable-with="Sign in" /&gt;&lt;/div&gt;&lt;/form&gt;&lt;/div&gt;&lt;/div&gt;&lt;/div&gt;&lt;/div&gt;&lt;/div&gt;&lt;/div&gt;&lt;/div&gt;&lt;/div&gt;&lt;hr class="footer-fixed"&gt;&lt;div class="container footer-container"&gt;&lt;div class="footer-links"&gt;&lt;a href="/explore"&gt;Explore&lt;/a&gt;&lt;a href="/help"&gt;Help&lt;/a&gt;&lt;a href="https://about.gitlab.com/"&gt;About GitLab&lt;/a&gt;&lt;/div&gt;&lt;/div&gt;&lt;/div&gt;&lt;/body&gt;&lt;/html&gt;	at TestApi.getAllSubGroupByGroupPath(TestApi.java:199)	at TestApi.cloneAllProject(TestApi.java:79)</error>
    <system-out><![CDATA[2020-06-19 16:20:07.617  WARN 2480 --- [           main] o.a.h.c.protocol.ResponseProcessCookies  : Invalid cookie header: "Set-Cookie: _gitlab_session=e0b8da84038410c2356b652b818236b5; path=/; expires=Fri, 19 Jun 2020 10:20:08 -0000; HttpOnly". Invalid 'expires' attribute: Fri, 19 Jun 2020 10:20:08 -0000
]]></system-out>
  </testcase>
</testsuite>